<?xml version="1.0" encoding="UTF-8"?>
<!-- Generated by org.testng.reporters.JUnitReportReporter -->
<testsuite hostname="DESKTOP-KIS4N2E" failures="0" tests="1" name="demo.Ajio" time="29.149" errors="0" timestamp="2023-07-18T13:15:50 IST" skipped="0">
  <testcase classname="demo.Ajio" name="ajioTest" time="29.149"/>
</testsuite> <!-- demo.Ajio -->
