<?xml version="1.0" encoding="UTF-8"?>
<!-- Generated by org.testng.reporters.JUnitReportReporter -->
<testsuite hostname="DESKTOP-KIS4N2E" failures="0" tests="1" name="demo.Amazon" time="5.887" errors="0" timestamp="2023-07-17T20:05:01 IST" skipped="0">
  <testcase classname="demo.Amazon" name="amazonTest" time="5.887"/>
</testsuite> <!-- demo.Amazon -->
